# JRE version: Java(TM) SE Runtime Environment (15.0.2+7) (build 15.0.2+7-27)
# Java VM: Java HotSpot(TM) 64-Bit Server VM (15.0.2+7-27, mixed mode, sharing, tiered, compressed oops, g1 gc, windows-amd64)
GC Precious Log:
 CPUs: 4 total, 4 available
 Memory: 6029M
 Large Page Support: Disabled
 NUMA Support: Disabled
 Compressed Oops: Enabled (32-bit)
 Heap Region Size: 1M
 Heap Min Capacity: 256M
 Heap Initial Capacity: 256M
 Heap Max Capacity: 512M
 Pre-touch: Disabled
 Parallel Workers: 4
 Concurrent Workers: 1
 Concurrent Refinement Workers: 4
 Periodic GC: Disabled
Heap:
 garbage-first heap   total 357376K, used 209877K [0x00000000e0000000, 0x0000000100000000)
  region size 1024K, 104 young (106496K), 1 survivors (1024K)
 Metaspace       used 149230K, capacity 151084K, committed 151836K, reserved 387072K
  class space    used 18634K, capacity 19272K, committed 19404K, reserved 253952K
GC Heap History (20 events):
Event: 3210.200 GC heap before
{Heap before GC invocations=36 (full 0):
 garbage-first heap   total 309248K, used 186112K [0x00000000e0000000, 0x0000000100000000)
  region size 1024K, 15 young (15360K), 8 survivors (8192K)
 Metaspace       used 146248K, capacity 148133K, committed 148508K, reserved 385024K
  class space    used 18364K, capacity 18993K, committed 19148K, reserved 253952K
}
Event: 3210.254 GC heap after
{Heap after GC invocations=37 (full 0):
 garbage-first heap   total 309248K, used 166785K [0x00000000e0000000, 0x0000000100000000)
  region size 1024K, 2 young (2048K), 2 survivors (2048K)
 Metaspace       used 146248K, capacity 148133K, committed 148508K, reserved 385024K
  class space    used 18364K, capacity 18993K, committed 19148K, reserved 253952K
}
Event: 3210.419 GC heap before
{Heap before GC invocations=37 (full 0):
 garbage-first heap   total 309248K, used 172929K [0x00000000e0000000, 0x0000000100000000)
  region size 1024K, 10 young (10240K), 2 survivors (2048K)
 Metaspace       used 146259K, capacity 148133K, committed 148508K, reserved 385024K
  class space    used 18364K, capacity 18993K, committed 19148K, reserved 253952K
}
Event: 3210.425 GC heap after
{Heap after GC invocations=38 (full 0):
 garbage-first heap   total 309248K, used 168833K [0x00000000e0000000, 0x0000000100000000)
  region size 1024K, 4 young (4096K), 4 survivors (4096K)
 Metaspace       used 146259K, capacity 148133K, committed 148508K, reserved 385024K
  class space    used 18364K, capacity 18993K, committed 19148K, reserved 253952K
}
Event: 3211.366 GC heap before
{Heap before GC invocations=39 (full 0):
 garbage-first heap   total 317440K, used 209793K [0x00000000e0000000, 0x0000000100000000)
  region size 1024K, 44 young (45056K), 4 survivors (4096K)
 Metaspace       used 146348K, capacity 148197K, committed 148508K, reserved 385024K
  class space    used 18365K, capacity 18993K, committed 19148K, reserved 253952K
}
Event: 3211.381 GC heap after
{Heap after GC invocations=40 (full 0):
 garbage-first heap   total 317440K, used 176255K [0x00000000e0000000, 0x0000000100000000)
  region size 1024K, 10 young (10240K), 10 survivors (10240K)
 Metaspace       used 146348K, capacity 148197K, committed 148508K, reserved 385024K
  class space    used 18365K, capacity 18993K, committed 19148K, reserved 253952K
}
Event: 3221.864 GC heap before
{Heap before GC invocations=41 (full 0):
 garbage-first heap   total 327680K, used 254079K [0x00000000e0000000, 0x0000000100000000)
  region size 1024K, 81 young (82944K), 10 survivors (10240K)
 Metaspace       used 146460K, capacity 148389K, committed 148764K, reserved 385024K
  class space    used 18366K, capacity 18993K, committed 19148K, reserved 253952K
}
Event: 3221.877 GC heap after
{Heap after GC invocations=42 (full 0):
 garbage-first heap   total 327680K, used 165649K [0x00000000e0000000, 0x0000000100000000)
  region size 1024K, 1 young (1024K), 1 survivors (1024K)
 Metaspace       used 146460K, capacity 148389K, committed 148764K, reserved 385024K
  class space    used 18366K, capacity 18993K, committed 19148K, reserved 253952K
}
Event: 3237.091 GC heap before
{Heap before GC invocations=42 (full 0):
 garbage-first heap   total 327680K, used 181009K [0x00000000e0000000, 0x0000000100000000)
  region size 1024K, 18 young (18432K), 1 survivors (1024K)
 Metaspace       used 147646K, capacity 149560K, committed 149916K, reserved 385024K
  class space    used 18519K, capacity 19140K, committed 19276K, reserved 253952K
}
Event: 3237.100 GC heap after
{Heap after GC invocations=43 (full 0):
 garbage-first heap   total 327680K, used 166617K [0x00000000e0000000, 0x0000000100000000)
  region size 1024K, 2 young (2048K), 2 survivors (2048K)
 Metaspace       used 147646K, capacity 149560K, committed 149916K, reserved 385024K
  class space    used 18519K, capacity 19140K, committed 19276K, reserved 253952K
}
Event: 3240.501 GC heap before
{Heap before GC invocations=44 (full 0):
 garbage-first heap   total 354304K, used 352985K [0x00000000e0000000, 0x0000000100000000)
  region size 1024K, 36 young (36864K), 2 survivors (2048K)
 Metaspace       used 147888K, capacity 149803K, committed 149916K, reserved 385024K
  class space    used 18539K, capacity 19175K, committed 19276K, reserved 253952K
}
Event: 3240.509 GC heap after
{Heap after GC invocations=45 (full 0):
 garbage-first heap   total 357376K, used 147999K [0x00000000e0000000, 0x0000000100000000)
  region size 1024K, 3 young (3072K), 3 survivors (3072K)
 Metaspace       used 147888K, capacity 149803K, committed 149916K, reserved 385024K
  class space    used 18539K, capacity 19175K, committed 19276K, reserved 253952K
}
Event: 3257.646 GC heap before
{Heap before GC invocations=45 (full 0):
 garbage-first heap   total 357376K, used 259615K [0x00000000e0000000, 0x0000000100000000)
  region size 1024K, 17 young (17408K), 3 survivors (3072K)
 Metaspace       used 148991K, capacity 150985K, committed 151324K, reserved 387072K
  class space    used 18661K, capacity 19308K, committed 19404K, reserved 253952K
}
Event: 3257.682 GC heap after
{Heap after GC invocations=46 (full 0):
 garbage-first heap   total 357376K, used 115750K [0x00000000e0000000, 0x0000000100000000)
  region size 1024K, 1 young (1024K), 1 survivors (1024K)
 Metaspace       used 148991K, capacity 150985K, committed 151324K, reserved 387072K
  class space    used 18661K, capacity 19308K, committed 19404K, reserved 253952K
}
Event: 3939.327 GC heap before
{Heap before GC invocations=46 (full 0):
 garbage-first heap   total 357376K, used 279590K [0x00000000e0000000, 0x0000000100000000)
  region size 1024K, 162 young (165888K), 1 survivors (1024K)
 Metaspace       used 149295K, capacity 151260K, committed 151580K, reserved 387072K
  class space    used 18671K, capacity 19324K, committed 19404K, reserved 253952K
}
Event: 3939.345 GC heap after
{Heap after GC invocations=47 (full 0):
 garbage-first heap   total 357376K, used 115983K [0x00000000e0000000, 0x0000000100000000)
  region size 1024K, 1 young (1024K), 1 survivors (1024K)
 Metaspace       used 149295K, capacity 151260K, committed 151580K, reserved 387072K
  class space    used 18671K, capacity 19324K, committed 19404K, reserved 253952K
}
Event: 6299.509 GC heap before
{Heap before GC invocations=48 (full 0):
 garbage-first heap   total 357376K, used 288015K [0x00000000e0000000, 0x0000000100000000)
  region size 1024K, 170 young (174080K), 1 survivors (1024K)
 Metaspace       used 149178K, capacity 150990K, committed 151836K, reserved 387072K
  class space    used 18629K, capacity 19262K, committed 19404K, reserved 253952K
}
Event: 6299.539 GC heap after
{Heap after GC invocations=49 (full 0):
 garbage-first heap   total 357376K, used 123676K [0x00000000e0000000, 0x0000000100000000)
  region size 1024K, 9 young (9216K), 9 survivors (9216K)
 Metaspace       used 149178K, capacity 150990K, committed 151836K, reserved 387072K
  class space    used 18629K, capacity 19262K, committed 19404K, reserved 253952K
}
Event: 6299.731 GC heap before
{Heap before GC invocations=49 (full 0):
 garbage-first heap   total 357376K, used 130844K [0x00000000e0000000, 0x0000000100000000)
  region size 1024K, 17 young (17408K), 9 survivors (9216K)
 Metaspace       used 149178K, capacity 150990K, committed 151836K, reserved 387072K
  class space    used 18629K, capacity 19262K, committed 19404K, reserved 253952K
}
Event: 6299.844 GC heap after
{Heap after GC invocations=50 (full 0):
 garbage-first heap   total 357376K, used 105429K [0x00000000e0000000, 0x0000000100000000)
  region size 1024K, 1 young (1024K), 1 survivors (1024K)
 Metaspace       used 149178K, capacity 150990K, committed 151836K, reserved 387072K
  class space    used 18629K, capacity 19262K, committed 19404K, reserved 253952K
}

